[0419/182356.938:ERROR:process_reader_win.cc(151)] SuspendThread: Access is denied. (0x5)
[0419/182356.989:ERROR:exception_snapshot_win.cc(98)] thread ID 10764 not found in process
[0419/182356.990:ERROR:scoped_process_suspend.cc(40)] NtResumeProcess: An attempt was made to access an exiting process. (0xc000010a)
[0424/181754.923:ERROR:process_info.cc(329)] VirtualQueryEx: Access is denied. (0x5)
[0424/181754.924:ERROR:process_info.cc(550)] ReadMemoryInfo failed
[0424/181754.924:ERROR:process_memory_win.cc(39)] Failed to initialize ProcessInfo.
[0424/181754.924:ERROR:scoped_process_suspend.cc(40)] NtResumeProcess: An attempt was made to access an exiting process. (0xc000010a)
[0424/182243.030:ERROR:process_memory_win.cc(73)] ReadMemory at 0x683e0000 of 64 bytes failed: Only part of a ReadProcessMemory or WriteProcessMemory request was completed. (0x12B)
[0424/182243.037:WARNING:pe_image_reader.cc(340)] could not read dos header from C:\windows\System32\SYSFER.DLL
[0424/182243.038:ERROR:process_memory_win.cc(73)] ReadMemory at 0x2e7bd320000 of 64 bytes failed: Only part of a ReadProcessMemory or WriteProcessMemory request was completed. (0x12B)
[0424/182243.038:WARNING:pe_image_reader.cc(340)] could not read dos header from C:\windows\System32\IMM32.DLL
[0424/182243.038:ERROR:process_memory_win.cc(73)] ReadMemory at 0x2e7bd3f0000 of 64 bytes failed: Only part of a ReadProcessMemory or WriteProcessMemory request was completed. (0x12B)
[0424/182243.038:WARNING:pe_image_reader.cc(340)] could not read dos header from C:\windows\System32\OLEAUT32.dll
[0424/182243.039:ERROR:process_memory_win.cc(73)] ReadMemory at 0x683e0000 of 64 bytes failed: Only part of a ReadProcessMemory or WriteProcessMemory request was completed. (0x12B)
[0424/182243.039:WARNING:pe_image_reader.cc(340)] could not read dos header from C:\windows\System32\SYSFER.DLL
[0424/182243.039:ERROR:process_memory_win.cc(73)] ReadMemory at 0x683e0000 of 64 bytes failed: Only part of a ReadProcessMemory or WriteProcessMemory request was completed. (0x12B)
[0424/182243.039:WARNING:pe_image_reader.cc(340)] could not read dos header from C:\windows\System32\SYSFER.DLL
[0424/182243.042:ERROR:process_memory_win.cc(73)] ReadMemory at 0x2e7bd6c7b10 of 72 bytes failed: Only part of a ReadProcessMemory or WriteProcessMemory request was completed. (0x12B)
[0424/182243.042:WARNING:pe_image_annotations_reader.cc(134)] could not read annotations list object in C:\Program Files (x86)\Google\Chrome\Application\73.0.3683.103\chrome_elf.dll
[0424/182243.042:ERROR:process_memory_win.cc(73)] ReadMemory at 0x2e7bd320000 of 64 bytes failed: Only part of a ReadProcessMemory or WriteProcessMemory request was completed. (0x12B)
[0424/182243.042:WARNING:pe_image_reader.cc(340)] could not read dos header from C:\windows\System32\IMM32.DLL
[0424/182243.042:ERROR:process_memory_win.cc(73)] ReadMemory at 0x2e7bd320000 of 64 bytes failed: Only part of a ReadProcessMemory or WriteProcessMemory request was completed. (0x12B)
[0424/182243.042:WARNING:pe_image_reader.cc(340)] could not read dos header from C:\windows\System32\IMM32.DLL
[0424/182243.042:ERROR:process_memory_win.cc(73)] ReadMemory at 0x2e7bd4e2b60 of 72 bytes failed: Only part of a ReadProcessMemory or WriteProcessMemory request was completed. (0x12B)
[0424/182243.042:WARNING:pe_image_annotations_reader.cc(134)] could not read annotations list object in C:\Program Files (x86)\Google\Chrome\Application\73.0.3683.103\chrome_child.dll
[0424/182243.042:ERROR:process_memory_win.cc(73)] ReadMemory at 0x2e7bd3f0000 of 64 bytes failed: Only part of a ReadProcessMemory or WriteProcessMemory request was completed. (0x12B)
[0424/182243.042:WARNING:pe_image_reader.cc(340)] could not read dos header from C:\windows\System32\OLEAUT32.dll
[0424/182243.042:ERROR:process_memory_win.cc(73)] ReadMemory at 0x2e7bd3f0000 of 64 bytes failed: Only part of a ReadProcessMemory or WriteProcessMemory request was completed. (0x12B)
[0424/182243.043:WARNING:pe_image_reader.cc(340)] could not read dos header from C:\windows\System32\OLEAUT32.dll
[0424/182243.081:ERROR:process_memory_win.cc(73)] ReadMemory at 0x683e0000 of 64 bytes failed: Only part of a ReadProcessMemory or WriteProcessMemory request was completed. (0x12B)
[0424/182243.081:WARNING:pe_image_reader.cc(340)] could not read dos header from C:\windows\System32\SYSFER.DLL
[0424/182243.081:ERROR:process_memory_win.cc(73)] ReadMemory at 0x2e7bd6c7b10 of 72 bytes failed: Only part of a ReadProcessMemory or WriteProcessMemory request was completed. (0x12B)
[0424/182243.081:WARNING:pe_image_annotations_reader.cc(134)] could not read annotations list object in C:\Program Files (x86)\Google\Chrome\Application\73.0.3683.103\chrome_elf.dll
[0424/182243.081:ERROR:process_memory_win.cc(73)] ReadMemory at 0x2e7bd320000 of 64 bytes failed: Only part of a ReadProcessMemory or WriteProcessMemory request was completed. (0x12B)
[0424/182243.081:WARNING:pe_image_reader.cc(340)] could not read dos header from C:\windows\System32\IMM32.DLL
[0424/182243.082:ERROR:process_memory_win.cc(73)] ReadMemory at 0x2e7bd4e2b60 of 72 bytes failed: Only part of a ReadProcessMemory or WriteProcessMemory request was completed. (0x12B)
[0424/182243.082:WARNING:pe_image_annotations_reader.cc(134)] could not read annotations list object in C:\Program Files (x86)\Google\Chrome\Application\73.0.3683.103\chrome_child.dll
[0424/182243.082:ERROR:process_memory_win.cc(73)] ReadMemory at 0x2e7bd3f0000 of 64 bytes failed: Only part of a ReadProcessMemory or WriteProcessMemory request was completed. (0x12B)
[0424/182243.082:WARNING:pe_image_reader.cc(340)] could not read dos header from C:\windows\System32\OLEAUT32.dll
[0424/182243.117:ERROR:process_memory_win.cc(73)] ReadMemory at 0xf0555e6000 of 106496 bytes failed: Only part of a ReadProcessMemory or WriteProcessMemory request was completed. (0x12B)
[0424/182243.118:ERROR:process_memory_win.cc(73)] ReadMemory at 0xf0557fe000 of 8192 bytes failed: Only part of a ReadProcessMemory or WriteProcessMemory request was completed. (0x12B)
[0424/182243.118:ERROR:process_memory_win.cc(73)] ReadMemory at 0xf0559fc000 of 16384 bytes failed: Only part of a ReadProcessMemory or WriteProcessMemory request was completed. (0x12B)
[0424/182243.118:ERROR:process_memory_win.cc(73)] ReadMemory at 0xf055bf5000 of 45056 bytes failed: Only part of a ReadProcessMemory or WriteProcessMemory request was completed. (0x12B)
[0424/182243.118:ERROR:process_memory_win.cc(73)] ReadMemory at 0xf055dfe000 of 8192 bytes failed: Only part of a ReadProcessMemory or WriteProcessMemory request was completed. (0x12B)
[0424/182243.118:ERROR:process_memory_win.cc(73)] ReadMemory at 0xf055ffe000 of 8192 bytes failed: Only part of a ReadProcessMemory or WriteProcessMemory request was completed. (0x12B)
[0424/182243.118:ERROR:process_memory_win.cc(73)] ReadMemory at 0xf0561fd000 of 12288 bytes failed: Only part of a ReadProcessMemory or WriteProcessMemory request was completed. (0x12B)
[0424/182243.118:ERROR:process_memory_win.cc(73)] ReadMemory at 0xf0563fe000 of 8192 bytes failed: Only part of a ReadProcessMemory or WriteProcessMemory request was completed. (0x12B)
[0424/182243.118:ERROR:process_memory_win.cc(73)] ReadMemory at 0xf0565fe000 of 8192 bytes failed: Only part of a ReadProcessMemory or WriteProcessMemory request was completed. (0x12B)
[0424/182243.118:ERROR:process_memory_win.cc(73)] ReadMemory at 0xf0567fc000 of 16384 bytes failed: Only part of a ReadProcessMemory or WriteProcessMemory request was completed. (0x12B)
[0424/182243.118:ERROR:process_memory_win.cc(73)] ReadMemory at 0xf0569e9000 of 94208 bytes failed: Only part of a ReadProcessMemory or WriteProcessMemory request was completed. (0x12B)
[0424/182243.118:ERROR:process_memory_win.cc(73)] ReadMemory at 0xf056be9000 of 94208 bytes failed: Only part of a ReadProcessMemory or WriteProcessMemory request was completed. (0x12B)
[0424/182243.119:ERROR:process_memory_win.cc(73)] ReadMemory at 0xf056dfd000 of 12288 bytes failed: Only part of a ReadProcessMemory or WriteProcessMemory request was completed. (0x12B)
[0424/182243.119:ERROR:process_memory_win.cc(73)] ReadMemory at 0xf056ffc000 of 16384 bytes failed: Only part of a ReadProcessMemory or WriteProcessMemory request was completed. (0x12B)
[0424/182243.119:ERROR:process_memory_win.cc(73)] ReadMemory at 0xf0571fb000 of 20480 bytes failed: Only part of a ReadProcessMemory or WriteProcessMemory request was completed. (0x12B)
[0424/182243.119:ERROR:process_memory_win.cc(73)] ReadMemory at 0xf0573f5000 of 45056 bytes failed: Only part of a ReadProcessMemory or WriteProcessMemory request was completed. (0x12B)
[0424/182243.119:ERROR:process_memory_win.cc(73)] ReadMemory at 0xf0575fe000 of 8192 bytes failed: Only part of a ReadProcessMemory or WriteProcessMemory request was completed. (0x12B)
[0424/182243.119:ERROR:process_memory_win.cc(73)] ReadMemory at 0xf0579fd000 of 12288 bytes failed: Only part of a ReadProcessMemory or WriteProcessMemory request was completed. (0x12B)
[0424/182243.119:ERROR:process_memory_win.cc(73)] ReadMemory at 0xf057bfc000 of 16384 bytes failed: Only part of a ReadProcessMemory or WriteProcessMemory request was completed. (0x12B)
[0424/182243.119:ERROR:process_memory_win.cc(73)] ReadMemory at 0xf0577f5000 of 45056 bytes failed: Only part of a ReadProcessMemory or WriteProcessMemory request was completed. (0x12B)
[0424/182243.119:ERROR:process_memory_win.cc(73)] ReadMemory at 0xf057dfe000 of 8192 bytes failed: Only part of a ReadProcessMemory or WriteProcessMemory request was completed. (0x12B)
[0424/182243.119:ERROR:process_memory_win.cc(73)] ReadMemory at 0xf057ff5000 of 45056 bytes failed: Only part of a ReadProcessMemory or WriteProcessMemory request was completed. (0x12B)
[0424/182243.119:ERROR:process_memory_win.cc(73)] ReadMemory at 0xf0581f4000 of 49152 bytes failed: Only part of a ReadProcessMemory or WriteProcessMemory request was completed. (0x12B)
[0424/182243.119:ERROR:process_memory_win.cc(73)] ReadMemory at 0xf0585fe000 of 8192 bytes failed: Only part of a ReadProcessMemory or WriteProcessMemory request was completed. (0x12B)
[0424/182243.119:ERROR:process_memory_win.cc(73)] ReadMemory at 0xf0587ff000 of 4096 bytes failed: Only part of a ReadProcessMemory or WriteProcessMemory request was completed. (0x12B)
[0424/182243.120:ERROR:process_memory_win.cc(73)] ReadMemory at 0xf0589fe000 of 8192 bytes failed: Only part of a ReadProcessMemory or WriteProcessMemory request was completed. (0x12B)
[0424/182243.120:ERROR:process_memory_win.cc(73)] ReadMemory at 0xf058bfe000 of 8192 bytes failed: Only part of a ReadProcessMemory or WriteProcessMemory request was completed. (0x12B)
[0424/182243.120:ERROR:process_memory_win.cc(73)] ReadMemory at 0xf0583fe000 of 8192 bytes failed: Only part of a ReadProcessMemory or WriteProcessMemory request was completed. (0x12B)
[0424/182243.120:ERROR:process_memory_win.cc(73)] ReadMemory at 0xf058dfe000 of 8192 bytes failed: Only part of a ReadProcessMemory or WriteProcessMemory request was completed. (0x12B)
[0424/182243.120:ERROR:process_memory_win.cc(73)] ReadMemory at 0xf058ffe000 of 8192 bytes failed: Only part of a ReadProcessMemory or WriteProcessMemory request was completed. (0x12B)
[0424/182243.120:ERROR:process_memory_win.cc(73)] ReadMemory at 0xf0591fe000 of 8192 bytes failed: Only part of a ReadProcessMemory or WriteProcessMemory request was completed. (0x12B)
[0424/182243.120:ERROR:process_memory_win.cc(73)] ReadMemory at 0xf0593fe000 of 8192 bytes failed: Only part of a ReadProcessMemory or WriteProcessMemory request was completed. (0x12B)
[0424/182243.120:ERROR:process_memory_win.cc(73)] ReadMemory at 0xf0595fe000 of 8192 bytes failed: Only part of a ReadProcessMemory or WriteProcessMemory request was completed. (0x12B)
[0424/182243.120:ERROR:process_memory_win.cc(73)] ReadMemory at 0xf0597fe000 of 8192 bytes failed: Only part of a ReadProcessMemory or WriteProcessMemory request was completed. (0x12B)
[0424/182243.120:ERROR:process_memory_win.cc(73)] ReadMemory at 0xf0599fe000 of 8192 bytes failed: Only part of a ReadProcessMemory or WriteProcessMemory request was completed. (0x12B)
[0424/182243.120:ERROR:process_memory_win.cc(73)] ReadMemory at 0xf059bff000 of 4096 bytes failed: Only part of a ReadProcessMemory or WriteProcessMemory request was completed. (0x12B)
[0424/182243.120:ERROR:process_memory_win.cc(73)] ReadMemory at 0xf059dfe000 of 8192 bytes failed: Only part of a ReadProcessMemory or WriteProcessMemory request was completed. (0x12B)
[0424/182243.120:ERROR:process_memory_win.cc(73)] ReadMemory at 0xf059ffe000 of 8192 bytes failed: Only part of a ReadProcessMemory or WriteProcessMemory request was completed. (0x12B)
[0424/182243.121:ERROR:process_memory_win.cc(73)] ReadMemory at 0xf05a1ff000 of 4096 bytes failed: Only part of a ReadProcessMemory or WriteProcessMemory request was completed. (0x12B)
[0424/182243.121:ERROR:process_memory_win.cc(73)] ReadMemory at 0xf05a3fe000 of 8192 bytes failed: Only part of a ReadProcessMemory or WriteProcessMemory request was completed. (0x12B)
[0424/182243.121:ERROR:process_memory_win.cc(73)] ReadMemory at 0xf05a5fe000 of 8192 bytes failed: Only part of a ReadProcessMemory or WriteProcessMemory request was completed. (0x12B)
[0424/182243.121:ERROR:process_memory_win.cc(73)] ReadMemory at 0xf05a7fe000 of 8192 bytes failed: Only part of a ReadProcessMemory or WriteProcessMemory request was completed. (0x12B)
[0424/182243.121:ERROR:process_memory_win.cc(73)] ReadMemory at 0xf055200000 of 6024 bytes failed: Only part of a ReadProcessMemory or WriteProcessMemory request was completed. (0x12B)
[0424/182243.121:ERROR:process_memory_win.cc(73)] ReadMemory at 0xf055202000 of 6024 bytes failed: Only part of a ReadProcessMemory or WriteProcessMemory request was completed. (0x12B)
[0424/182243.121:ERROR:process_memory_win.cc(73)] ReadMemory at 0xf055204000 of 6024 bytes failed: Only part of a ReadProcessMemory or WriteProcessMemory request was completed. (0x12B)
[0424/182243.121:ERROR:process_memory_win.cc(73)] ReadMemory at 0xf055206000 of 6024 bytes failed: Only part of a ReadProcessMemory or WriteProcessMemory request was completed. (0x12B)
[0424/182243.121:ERROR:process_memory_win.cc(73)] ReadMemory at 0xf055208000 of 6024 bytes failed: Only part of a ReadProcessMemory or WriteProcessMemory request was completed. (0x12B)
[0424/182243.121:ERROR:process_memory_win.cc(73)] ReadMemory at 0xf05520a000 of 6024 bytes failed: Only part of a ReadProcessMemory or WriteProcessMemory request was completed. (0x12B)
[0424/182243.121:ERROR:process_memory_win.cc(73)] ReadMemory at 0xf05520c000 of 6024 bytes failed: Only part of a ReadProcessMemory or WriteProcessMemory request was completed. (0x12B)
[0424/182243.121:ERROR:process_memory_win.cc(73)] ReadMemory at 0xf05520e000 of 6024 bytes failed: Only part of a ReadProcessMemory or WriteProcessMemory request was completed. (0x12B)
[0424/182243.121:ERROR:process_memory_win.cc(73)] ReadMemory at 0xf055210000 of 6024 bytes failed: Only part of a ReadProcessMemory or WriteProcessMemory request was completed. (0x12B)
[0424/182243.122:ERROR:process_memory_win.cc(73)] ReadMemory at 0xf0553b1000 of 852 bytes failed: Only part of a ReadProcessMemory or WriteProcessMemory request was completed. (0x12B)
[0424/182243.122:ERROR:process_memory_win.cc(73)] ReadMemory at 0xf0553b2000 of 6024 bytes failed: Only part of a ReadProcessMemory or WriteProcessMemory request was completed. (0x12B)
[0424/182243.122:ERROR:process_memory_win.cc(73)] ReadMemory at 0xf0553b4000 of 6024 bytes failed: Only part of a ReadProcessMemory or WriteProcessMemory request was completed. (0x12B)
[0424/182243.122:ERROR:process_memory_win.cc(73)] ReadMemory at 0xf0553b6000 of 6024 bytes failed: Only part of a ReadProcessMemory or WriteProcessMemory request was completed. (0x12B)
[0424/182243.122:ERROR:process_memory_win.cc(73)] ReadMemory at 0xf0553b8000 of 6024 bytes failed: Only part of a ReadProcessMemory or WriteProcessMemory request was completed. (0x12B)
[0424/182243.122:ERROR:process_memory_win.cc(73)] ReadMemory at 0xf0553ba000 of 6024 bytes failed: Only part of a ReadProcessMemory or WriteProcessMemory request was completed. (0x12B)
[0424/182243.122:ERROR:process_memory_win.cc(73)] ReadMemory at 0xf0553bc000 of 6024 bytes failed: Only part of a ReadProcessMemory or WriteProcessMemory request was completed. (0x12B)
[0424/182243.122:ERROR:process_memory_win.cc(73)] ReadMemory at 0xf0553be000 of 6024 bytes failed: Only part of a ReadProcessMemory or WriteProcessMemory request was completed. (0x12B)
[0424/182243.122:ERROR:process_memory_win.cc(73)] ReadMemory at 0xf0553c0000 of 6024 bytes failed: Only part of a ReadProcessMemory or WriteProcessMemory request was completed. (0x12B)
[0424/182243.122:ERROR:process_memory_win.cc(73)] ReadMemory at 0xf0553c2000 of 6024 bytes failed: Only part of a ReadProcessMemory or WriteProcessMemory request was completed. (0x12B)
[0424/182243.122:ERROR:process_memory_win.cc(73)] ReadMemory at 0xf0553c4000 of 6024 bytes failed: Only part of a ReadProcessMemory or WriteProcessMemory request was completed. (0x12B)
[0424/182243.122:ERROR:process_memory_win.cc(73)] ReadMemory at 0xf0553c6000 of 6024 bytes failed: Only part of a ReadProcessMemory or WriteProcessMemory request was completed. (0x12B)
[0424/182243.123:ERROR:process_memory_win.cc(73)] ReadMemory at 0xf0553c8000 of 6024 bytes failed: Only part of a ReadProcessMemory or WriteProcessMemory request was completed. (0x12B)
[0424/182243.123:ERROR:process_memory_win.cc(73)] ReadMemory at 0xf0553ca000 of 6024 bytes failed: Only part of a ReadProcessMemory or WriteProcessMemory request was completed. (0x12B)
[0424/182243.123:ERROR:process_memory_win.cc(73)] ReadMemory at 0xf0553cc000 of 6024 bytes failed: Only part of a ReadProcessMemory or WriteProcessMemory request was completed. (0x12B)
[0424/182243.123:ERROR:process_memory_win.cc(73)] ReadMemory at 0xf0553ce000 of 6024 bytes failed: Only part of a ReadProcessMemory or WriteProcessMemory request was completed. (0x12B)
[0424/182243.123:ERROR:process_memory_win.cc(73)] ReadMemory at 0xf0553d0000 of 6024 bytes failed: Only part of a ReadProcessMemory or WriteProcessMemory request was completed. (0x12B)
[0424/182243.123:ERROR:process_memory_win.cc(73)] ReadMemory at 0xf0553d2000 of 6024 bytes failed: Only part of a ReadProcessMemory or WriteProcessMemory request was completed. (0x12B)
[0424/182243.123:ERROR:process_memory_win.cc(73)] ReadMemory at 0xf0553d6000 of 6024 bytes failed: Only part of a ReadProcessMemory or WriteProcessMemory request was completed. (0x12B)
[0424/182243.123:ERROR:process_memory_win.cc(73)] ReadMemory at 0xf0553e0000 of 6024 bytes failed: Only part of a ReadProcessMemory or WriteProcessMemory request was completed. (0x12B)
[0424/182243.123:ERROR:process_memory_win.cc(73)] ReadMemory at 0xf0553e2000 of 6024 bytes failed: Only part of a ReadProcessMemory or WriteProcessMemory request was completed. (0x12B)
[0424/182243.123:ERROR:process_memory_win.cc(73)] ReadMemory at 0xf0553e4000 of 6024 bytes failed: Only part of a ReadProcessMemory or WriteProcessMemory request was completed. (0x12B)
[0424/182243.123:ERROR:process_memory_win.cc(73)] ReadMemory at 0xf0553e6000 of 6024 bytes failed: Only part of a ReadProcessMemory or WriteProcessMemory request was completed. (0x12B)
[0424/182243.123:ERROR:process_memory_win.cc(73)] ReadMemory at 0xf0553e8000 of 6024 bytes failed: Only part of a ReadProcessMemory or WriteProcessMemory request was completed. (0x12B)
[0424/182243.123:ERROR:process_memory_win.cc(73)] ReadMemory at 0xf0553ec000 of 6024 bytes failed: Only part of a ReadProcessMemory or WriteProcessMemory request was completed. (0x12B)
[0424/182243.124:ERROR:process_memory_win.cc(73)] ReadMemory at 0xf0553ee000 of 6024 bytes failed: Only part of a ReadProcessMemory or WriteProcessMemory request was completed. (0x12B)
[0424/182243.124:ERROR:process_memory_win.cc(73)] ReadMemory at 0xf0553f0000 of 6024 bytes failed: Only part of a ReadProcessMemory or WriteProcessMemory request was completed. (0x12B)
[0424/182243.124:ERROR:process_memory_win.cc(73)] ReadMemory at 0xf0553f2000 of 6024 bytes failed: Only part of a ReadProcessMemory or WriteProcessMemory request was completed. (0x12B)
[0424/182243.124:ERROR:process_memory_win.cc(73)] ReadMemory at 0xf0553f4000 of 6024 bytes failed: Only part of a ReadProcessMemory or WriteProcessMemory request was completed. (0x12B)
[0424/182243.124:ERROR:process_memory_win.cc(73)] ReadMemory at 0xf0553f6000 of 6024 bytes failed: Only part of a ReadProcessMemory or WriteProcessMemory request was completed. (0x12B)
[0424/182243.124:ERROR:process_memory_win.cc(73)] ReadMemory at 0xf0553f8000 of 6024 bytes failed: Only part of a ReadProcessMemory or WriteProcessMemory request was completed. (0x12B)
[0424/182243.124:ERROR:process_memory_win.cc(73)] ReadMemory at 0xf0553fa000 of 6024 bytes failed: Only part of a ReadProcessMemory or WriteProcessMemory request was completed. (0x12B)
[0424/182243.124:ERROR:process_memory_win.cc(73)] ReadMemory at 0xf0553fc000 of 6024 bytes failed: Only part of a ReadProcessMemory or WriteProcessMemory request was completed. (0x12B)
[0424/182243.124:ERROR:process_memory_win.cc(73)] ReadMemory at 0xf0553fe000 of 6024 bytes failed: Only part of a ReadProcessMemory or WriteProcessMemory request was completed. (0x12B)
[0424/182243.124:ERROR:process_memory_win.cc(73)] ReadMemory at 0x2e7bd220000 of 384 bytes failed: Only part of a ReadProcessMemory or WriteProcessMemory request was completed. (0x12B)
[0424/182243.125:ERROR:process_memory_win.cc(73)] ReadMemory at 0x2e7bd2207b0 of 64 bytes failed: Only part of a ReadProcessMemory or WriteProcessMemory request was completed. (0x12B)
[0424/182243.125:ERROR:process_memory_win.cc(73)] ReadMemory at 0x2e7bd220fe0 of 5158 bytes failed: Only part of a ReadProcessMemory or WriteProcessMemory request was completed. (0x12B)
[0424/182243.125:ERROR:process_memory_win.cc(73)] ReadMemory at 0x2e7bd222410 of 1012 bytes failed: Only part of a ReadProcessMemory or WriteProcessMemory request was completed. (0x12B)
[0424/182243.125:ERROR:process_memory_win.cc(73)] ReadMemory at 0x2e7bd222a38 of 52 bytes failed: Only part of a ReadProcessMemory or WriteProcessMemory request was completed. (0x12B)
[0424/182243.125:ERROR:process_memory_win.cc(73)] ReadMemory at 0x2e7bd222a6e of 118 bytes failed: Only part of a ReadProcessMemory or WriteProcessMemory request was completed. (0x12B)
[0424/182243.125:ERROR:process_memory_win.cc(73)] ReadMemory at 0x2e7bd222ae6 of 1644 bytes failed: Only part of a ReadProcessMemory or WriteProcessMemory request was completed. (0x12B)
[0424/182243.125:ERROR:process_memory_win.cc(73)] ReadMemory at 0x2e7bd223154 of 118 bytes failed: Only part of a ReadProcessMemory or WriteProcessMemory request was completed. (0x12B)
[0424/182243.125:ERROR:process_memory_win.cc(73)] ReadMemory at 0x2e7bd2231cc of 96 bytes failed: Only part of a ReadProcessMemory or WriteProcessMemory request was completed. (0x12B)
[0424/182243.125:ERROR:process_memory_win.cc(73)] ReadMemory at 0x2e7bd223240 of 58 bytes failed: Only part of a ReadProcessMemory or WriteProcessMemory request was completed. (0x12B)
[0424/182243.125:ERROR:process_memory_win.cc(73)] ReadMemory at 0x2e7bd223380 of 132 bytes failed: Only part of a ReadProcessMemory or WriteProcessMemory request was completed. (0x12B)
[0424/182243.125:ERROR:process_memory_win.cc(73)] ReadMemory at 0x2e7bd223510 of 132 bytes failed: Only part of a ReadProcessMemory or WriteProcessMemory request was completed. (0x12B)
[0424/182243.125:ERROR:process_memory_win.cc(73)] ReadMemory at 0x2e7bd2236d0 of 126 bytes failed: Only part of a ReadProcessMemory or WriteProcessMemory request was completed. (0x12B)
[0424/182243.125:ERROR:process_memory_win.cc(73)] ReadMemory at 0x2e7bd223ab0 of 132 bytes failed: Only part of a ReadProcessMemory or WriteProcessMemory request was completed. (0x12B)
[0424/182243.126:ERROR:process_memory_win.cc(73)] ReadMemory at 0x2e7bd223c40 of 64 bytes failed: Only part of a ReadProcessMemory or WriteProcessMemory request was completed. (0x12B)
[0424/182243.126:ERROR:process_memory_win.cc(73)] ReadMemory at 0x2e7bd223da0 of 132 bytes failed: Only part of a ReadProcessMemory or WriteProcessMemory request was completed. (0x12B)
[0424/182243.126:ERROR:process_memory_win.cc(73)] ReadMemory at 0x2e7bd223f30 of 62 bytes failed: Only part of a ReadProcessMemory or WriteProcessMemory request was completed. (0x12B)
[0424/182243.126:ERROR:process_memory_win.cc(73)] ReadMemory at 0x2e7bd2240a0 of 132 bytes failed: Only part of a ReadProcessMemory or WriteProcessMemory request was completed. (0x12B)
[0424/182243.126:ERROR:process_memory_win.cc(73)] ReadMemory at 0x2e7bd224230 of 68 bytes failed: Only part of a ReadProcessMemory or WriteProcessMemory request was completed. (0x12B)
[0424/182243.126:ERROR:process_memory_win.cc(73)] ReadMemory at 0x2e7bd228300 of 132 bytes failed: Only part of a ReadProcessMemory or WriteProcessMemory request was completed. (0x12B)
[0424/182243.126:ERROR:process_memory_win.cc(73)] ReadMemory at 0x2e7bd228490 of 60 bytes failed: Only part of a ReadProcessMemory or WriteProcessMemory request was completed. (0x12B)
[0424/182243.126:ERROR:process_memory_win.cc(73)] ReadMemory at 0x2e7bd228620 of 132 bytes failed: Only part of a ReadProcessMemory or WriteProcessMemory request was completed. (0x12B)
[0424/182243.126:ERROR:process_memory_win.cc(73)] ReadMemory at 0x2e7bd2287b0 of 64 bytes failed: Only part of a ReadProcessMemory or WriteProcessMemory request was completed. (0x12B)
[0424/182243.126:ERROR:process_memory_win.cc(73)] ReadMemory at 0x2e7bd228a20 of 132 bytes failed: Only part of a ReadProcessMemory or WriteProcessMemory request was completed. (0x12B)
[0424/182243.126:ERROR:process_memory_win.cc(73)] ReadMemory at 0x2e7bd228bb0 of 60 bytes failed: Only part of a ReadProcessMemory or WriteProcessMemory request was completed. (0x12B)
[0424/182243.126:ERROR:process_memory_win.cc(73)] ReadMemory at 0x2e7bd22a1d0 of 132 bytes failed: Only part of a ReadProcessMemory or WriteProcessMemory request was completed. (0x12B)
[0424/182243.126:ERROR:process_memory_win.cc(73)] ReadMemory at 0x2e7bd22a360 of 62 bytes failed: Only part of a ReadProcessMemory or WriteProcessMemory request was completed. (0x12B)
[0424/182243.126:ERROR:process_memory_win.cc(73)] ReadMemory at 0x2e7bd22a5c0 of 132 bytes failed: Only part of a ReadProcessMemory or WriteProcessMemory request was completed. (0x12B)
[0424/182243.127:ERROR:process_memory_win.cc(73)] ReadMemory at 0x2e7bd22a750 of 60 bytes failed: Only part of a ReadProcessMemory or WriteProcessMemory request was completed. (0x12B)
[0424/182243.127:ERROR:process_memory_win.cc(73)] ReadMemory at 0x2e7bd22aba0 of 132 bytes failed: Only part of a ReadProcessMemory or WriteProcessMemory request was completed. (0x12B)
[0424/182243.127:ERROR:process_memory_win.cc(73)] ReadMemory at 0x2e7bd22ade0 of 132 bytes failed: Only part of a ReadProcessMemory or WriteProcessMemory request was completed. (0x12B)
[0424/182243.127:ERROR:process_memory_win.cc(73)] ReadMemory at 0x2e7bd22af70 of 62 bytes failed: Only part of a ReadProcessMemory or WriteProcessMemory request was completed. (0x12B)
[0424/182243.127:ERROR:process_memory_win.cc(73)] ReadMemory at 0x2e7bd22d8b0 of 132 bytes failed: Only part of a ReadProcessMemory or WriteProcessMemory request was completed. (0x12B)
[0424/182243.127:ERROR:process_memory_win.cc(73)] ReadMemory at 0x2e7bd22dbe0 of 132 bytes failed: Only part of a ReadProcessMemory or WriteProcessMemory request was completed. (0x12B)
[0424/182243.127:ERROR:process_memory_win.cc(73)] ReadMemory at 0x2e7bd22de10 of 62 bytes failed: Only part of a ReadProcessMemory or WriteProcessMemory request was completed. (0x12B)
[0424/182243.127:ERROR:process_memory_win.cc(73)] ReadMemory at 0x2e7bd22deb0 of 58 bytes failed: Only part of a ReadProcessMemory or WriteProcessMemory request was completed. (0x12B)
[0424/182243.127:ERROR:process_memory_win.cc(73)] ReadMemory at 0x2e7bd22dfa0 of 60 bytes failed: Only part of a ReadProcessMemory or WriteProcessMemory request was completed. (0x12B)
[0424/182243.127:ERROR:process_memory_win.cc(73)] ReadMemory at 0x2e7bd22dff0 of 64 bytes failed: Only part of a ReadProcessMemory or WriteProcessMemory request was completed. (0x12B)
[0424/182243.127:ERROR:process_memory_win.cc(73)] ReadMemory at 0x2e7bd22e090 of 62 bytes failed: Only part of a ReadProcessMemory or WriteProcessMemory request was completed. (0x12B)
[0424/182243.127:ERROR:process_memory_win.cc(73)] ReadMemory at 0x2e7bd22e0e0 of 64 bytes failed: Only part of a ReadProcessMemory or WriteProcessMemory request was completed. (0x12B)
[0424/182243.127:ERROR:process_memory_win.cc(73)] ReadMemory at 0x2e7bd22e130 of 66 bytes failed: Only part of a ReadProcessMemory or WriteProcessMemory request was completed. (0x12B)
[0424/182243.127:ERROR:process_memory_win.cc(73)] ReadMemory at 0x2e7bd22e180 of 62 bytes failed: Only part of a ReadProcessMemory or WriteProcessMemory request was completed. (0x12B)
[0424/182243.127:ERROR:process_memory_win.cc(73)] ReadMemory at 0x2e7bd22e220 of 58 bytes failed: Only part of a ReadProcessMemory or WriteProcessMemory request was completed. (0x12B)
[0424/182243.128:ERROR:process_memory_win.cc(73)] ReadMemory at 0x2e7bd22e270 of 62 bytes failed: Only part of a ReadProcessMemory or WriteProcessMemory request was completed. (0x12B)
[0424/182243.128:ERROR:process_memory_win.cc(73)] ReadMemory at 0x2e7bd22e2c0 of 62 bytes failed: Only part of a ReadProcessMemory or WriteProcessMemory request was completed. (0x12B)
[0424/182243.128:ERROR:process_memory_win.cc(73)] ReadMemory at 0x2e7bd22e310 of 62 bytes failed: Only part of a ReadProcessMemory or WriteProcessMemory request was completed. (0x12B)
[0424/182243.128:ERROR:process_memory_win.cc(73)] ReadMemory at 0x2e7bd22e360 of 66 bytes failed: Only part of a ReadProcessMemory or WriteProcessMemory request was completed. (0x12B)
[0424/182243.128:ERROR:process_memory_win.cc(73)] ReadMemory at 0x2e7bd22e3b0 of 60 bytes failed: Only part of a ReadProcessMemory or WriteProcessMemory request was completed. (0x12B)
[0424/182243.128:ERROR:process_memory_win.cc(73)] ReadMemory at 0x2e7bd22e400 of 60 bytes failed: Only part of a ReadProcessMemory or WriteProcessMemory request was completed. (0x12B)
[0424/182243.128:ERROR:process_memory_win.cc(73)] ReadMemory at 0x2e7bd22e980 of 158 bytes failed: Only part of a ReadProcessMemory or WriteProcessMemory request was completed. (0x12B)
[0424/182243.128:ERROR:process_memory_win.cc(73)] ReadMemory at 0x2e7bd22fa60 of 132 bytes failed: Only part of a ReadProcessMemory or WriteProcessMemory request was completed. (0x12B)
[0424/182243.128:ERROR:process_memory_win.cc(73)] ReadMemory at 0x2e7bd22fdc0 of 78 bytes failed: Only part of a ReadProcessMemory or WriteProcessMemory request was completed. (0x12B)
[0424/182243.128:ERROR:process_memory_win.cc(73)] ReadMemory at 0x2e7bd22ff40 of 76 bytes failed: Only part of a ReadProcessMemory or WriteProcessMemory request was completed. (0x12B)
[0424/182243.128:ERROR:process_memory_win.cc(73)] ReadMemory at 0x2e7bd2300c0 of 80 bytes failed: Only part of a ReadProcessMemory or WriteProcessMemory request was completed. (0x12B)
[0424/182243.128:ERROR:process_memory_win.cc(73)] ReadMemory at 0x2e7bd230a70 of 132 bytes failed: Only part of a ReadProcessMemory or WriteProcessMemory request was completed. (0x12B)
[0424/182243.128:ERROR:process_memory_win.cc(73)] ReadMemory at 0x2e7bd230e40 of 132 bytes failed: Only part of a ReadProcessMemory or WriteProcessMemory request was completed. (0x12B)
[0424/182243.128:ERROR:process_memory_win.cc(73)] ReadMemory at 0x2e7bd231150 of 132 bytes failed: Only part of a ReadProcessMemory or WriteProcessMemory request was completed. (0x12B)
[0424/182243.129:ERROR:process_memory_win.cc(73)] ReadMemory at 0x2e7bd231280 of 132 bytes failed: Only part of a ReadProcessMemory or WriteProcessMemory request was completed. (0x12B)
[0424/182243.129:ERROR:process_memory_win.cc(73)] ReadMemory at 0x2e7bd2313b0 of 132 bytes failed: Only part of a ReadProcessMemory or WriteProcessMemory request was completed. (0x12B)
[0424/182243.129:ERROR:process_memory_win.cc(73)] ReadMemory at 0x2e7bd2314e0 of 132 bytes failed: Only part of a ReadProcessMemory or WriteProcessMemory request was completed. (0x12B)
[0424/182243.129:ERROR:process_memory_win.cc(73)] ReadMemory at 0x2e7bd231610 of 132 bytes failed: Only part of a ReadProcessMemory or WriteProcessMemory request was completed. (0x12B)
[0424/182243.129:ERROR:process_memory_win.cc(73)] ReadMemory at 0x2e7bd231740 of 132 bytes failed: Only part of a ReadProcessMemory or WriteProcessMemory request was completed. (0x12B)
[0424/182243.129:ERROR:process_memory_win.cc(73)] ReadMemory at 0x2e7bd231870 of 132 bytes failed: Only part of a ReadProcessMemory or WriteProcessMemory request was completed. (0x12B)
[0424/182243.129:ERROR:process_memory_win.cc(73)] ReadMemory at 0x2e7bd2319a0 of 132 bytes failed: Only part of a ReadProcessMemory or WriteProcessMemory request was completed. (0x12B)
[0424/182243.129:ERROR:process_memory_win.cc(73)] ReadMemory at 0x2e7bd231ad0 of 132 bytes failed: Only part of a ReadProcessMemory or WriteProcessMemory request was completed. (0x12B)
[0424/182243.129:ERROR:process_memory_win.cc(73)] ReadMemory at 0x2e7bd231c00 of 132 bytes failed: Only part of a ReadProcessMemory or WriteProcessMemory request was completed. (0x12B)
[0424/182243.129:ERROR:process_memory_win.cc(73)] ReadMemory at 0x2e7bd231d30 of 132 bytes failed: Only part of a ReadProcessMemory or WriteProcessMemory request was completed. (0x12B)
[0424/182243.129:ERROR:process_memory_win.cc(73)] ReadMemory at 0x2e7bd231e60 of 132 bytes failed: Only part of a ReadProcessMemory or WriteProcessMemory request was completed. (0x12B)
[0424/182243.130:ERROR:process_memory_win.cc(73)] ReadMemory at 0x2e7bd231f90 of 132 bytes failed: Only part of a ReadProcessMemory or WriteProcessMemory request was completed. (0x12B)
[0424/182243.130:ERROR:process_memory_win.cc(73)] ReadMemory at 0x2e7bd23217c of 512 bytes failed: Only part of a ReadProcessMemory or WriteProcessMemory request was completed. (0x12B)
[0424/182243.130:ERROR:process_memory_win.cc(73)] ReadMemory at 0x2e7bd232510 of 512 bytes failed: Only part of a ReadProcessMemory or WriteProcessMemory request was completed. (0x12B)
[0424/182243.130:ERROR:process_memory_win.cc(73)] ReadMemory at 0x2e7bd233cc0 of 132 bytes failed: Only part of a ReadProcessMemory or WriteProcessMemory request was completed. (0x12B)
[0424/182243.130:ERROR:process_memory_win.cc(73)] ReadMemory at 0x2e7bd233df0 of 132 bytes failed: Only part of a ReadProcessMemory or WriteProcessMemory request was completed. (0x12B)
[0424/182243.130:ERROR:process_memory_win.cc(73)] ReadMemory at 0x2e7bd233f20 of 132 bytes failed: Only part of a ReadProcessMemory or WriteProcessMemory request was completed. (0x12B)
[0424/182243.130:ERROR:process_memory_win.cc(73)] ReadMemory at 0x2e7bd234050 of 132 bytes failed: Only part of a ReadProcessMemory or WriteProcessMemory request was completed. (0x12B)
[0424/182243.130:ERROR:process_memory_win.cc(73)] ReadMemory at 0x2e7bd234180 of 132 bytes failed: Only part of a ReadProcessMemory or WriteProcessMemory request was completed. (0x12B)
[0424/182243.130:ERROR:process_memory_win.cc(73)] ReadMemory at 0x2e7bd2342b0 of 132 bytes failed: Only part of a ReadProcessMemory or WriteProcessMemory request was completed. (0x12B)
[0424/182243.131:ERROR:process_memory_win.cc(73)] ReadMemory at 0x2e7bd2343e0 of 132 bytes failed: Only part of a ReadProcessMemory or WriteProcessMemory request was completed. (0x12B)
[0424/182243.131:ERROR:process_memory_win.cc(73)] ReadMemory at 0x2e7bd234510 of 132 bytes failed: Only part of a ReadProcessMemory or WriteProcessMemory request was completed. (0x12B)
[0424/182243.131:ERROR:process_memory_win.cc(73)] ReadMemory at 0x2e7bd234640 of 132 bytes failed: Only part of a ReadProcessMemory or WriteProcessMemory request was completed. (0x12B)
[0424/182243.131:ERROR:process_memory_win.cc(73)] ReadMemory at 0x2e7bd234770 of 132 bytes failed: Only part of a ReadProcessMemory or WriteProcessMemory request was completed. (0x12B)
[0424/182243.131:ERROR:process_memory_win.cc(73)] ReadMemory at 0x2e7bd2348a0 of 132 bytes failed: Only part of a ReadProcessMemory or WriteProcessMemory request was completed. (0x12B)
[0424/182243.131:ERROR:process_memory_win.cc(73)] ReadMemory at 0x2e7bd2349d0 of 132 bytes failed: Only part of a ReadProcessMemory or WriteProcessMemory request was completed. (0x12B)
[0424/182243.131:ERROR:process_memory_win.cc(73)] ReadMemory at 0x2e7bd234b00 of 132 bytes failed: Only part of a ReadProcessMemory or WriteProcessMemory request was completed. (0x12B)
[0424/182243.131:ERROR:process_memory_win.cc(73)] ReadMemory at 0x2e7bd234c30 of 132 bytes failed: Only part of a ReadProcessMemory or WriteProcessMemory request was completed. (0x12B)
[0424/182243.131:ERROR:process_memory_win.cc(73)] ReadMemory at 0x2e7bd234d60 of 132 bytes failed: Only part of a ReadProcessMemory or WriteProcessMemory request was completed. (0x12B)
[0424/182243.131:ERROR:process_memory_win.cc(73)] ReadMemory at 0x2e7bd234e90 of 132 bytes failed: Only part of a ReadProcessMemory or WriteProcessMemory request was completed. (0x12B)
[0424/182243.131:ERROR:process_memory_win.cc(73)] ReadMemory at 0x2e7bd234fc0 of 132 bytes failed: Only part of a ReadProcessMemory or WriteProcessMemory request was completed. (0x12B)
[0424/182243.132:ERROR:process_memory_win.cc(73)] ReadMemory at 0x2e7bd2350f0 of 132 bytes failed: Only part of a ReadProcessMemory or WriteProcessMemory request was completed. (0x12B)
[0424/182243.132:ERROR:process_memory_win.cc(73)] ReadMemory at 0x2e7bd235220 of 132 bytes failed: Only part of a ReadProcessMemory or WriteProcessMemory request was completed. (0x12B)
[0424/182243.132:ERROR:process_memory_win.cc(73)] ReadMemory at 0x2e7bd235350 of 132 bytes failed: Only part of a ReadProcessMemory or WriteProcessMemory request was completed. (0x12B)
[0424/182243.132:ERROR:process_memory_win.cc(73)] ReadMemory at 0x2e7bd2355b0 of 132 bytes failed: Only part of a ReadProcessMemory or WriteProcessMemory request was completed. (0x12B)
[0424/182243.132:ERROR:process_memory_win.cc(73)] ReadMemory at 0x2e7bd235810 of 132 bytes failed: Only part of a ReadProcessMemory or WriteProcessMemory request was completed. (0x12B)
[0424/182243.132:ERROR:process_memory_win.cc(73)] ReadMemory at 0x2e7bd235940 of 132 bytes failed: Only part of a ReadProcessMemory or WriteProcessMemory request was completed. (0x12B)
[0424/182243.132:ERROR:process_memory_win.cc(73)] ReadMemory at 0x2e7bd235a70 of 132 bytes failed: Only part of a ReadProcessMemory or WriteProcessMemory request was completed. (0x12B)
[0424/182243.132:ERROR:process_memory_win.cc(73)] ReadMemory at 0x2e7bd235ca0 of 154 bytes failed: Only part of a ReadProcessMemory or WriteProcessMemory request was completed. (0x12B)
[0424/182243.132:ERROR:process_memory_win.cc(73)] ReadMemory at 0x2e7bd238210 of 66 bytes failed: Only part of a ReadProcessMemory or WriteProcessMemory request was completed. (0x12B)
[0424/182243.132:ERROR:process_memory_win.cc(73)] ReadMemory at 0x2e7bd238260 of 66 bytes failed: Only part of a ReadProcessMemory or WriteProcessMemory request was completed. (0x12B)
[0424/182243.133:ERROR:process_memory_win.cc(73)] ReadMemory at 0x2e7bd2384e0 of 58 bytes failed: Only part of a ReadProcessMemory or WriteProcessMemory request was completed. (0x12B)
[0424/182243.133:ERROR:process_memory_win.cc(73)] ReadMemory at 0x2e7bd23b3d0 of 54 bytes failed: Only part of a ReadProcessMemory or WriteProcessMemory request was completed. (0x12B)
[0424/182243.133:ERROR:process_memory_win.cc(73)] ReadMemory at 0x2e7bd24e0f0 of 62 bytes failed: Only part of a ReadProcessMemory or WriteProcessMemory request was completed. (0x12B)
[0424/182243.133:ERROR:process_memory_win.cc(73)] ReadMemory at 0x2e7bd24e2d0 of 60 bytes failed: Only part of a ReadProcessMemory or WriteProcessMemory request was completed. (0x12B)
[0424/182243.133:ERROR:process_memory_win.cc(73)] ReadMemory at 0x2e7bd24e370 of 62 bytes failed: Only part of a ReadProcessMemory or WriteProcessMemory request was completed. (0x12B)
[0424/182243.133:ERROR:process_memory_win.cc(73)] ReadMemory at 0x2e7bd24e410 of 64 bytes failed: Only part of a ReadProcessMemory or WriteProcessMemory request was completed. (0x12B)
[0424/182243.133:ERROR:process_memory_win.cc(73)] ReadMemory at 0x2e7bd24e460 of 60 bytes failed: Only part of a ReadProcessMemory or WriteProcessMemory request was completed. (0x12B)
[0424/182243.133:ERROR:process_memory_win.cc(73)] ReadMemory at 0x2e7bd24e4b0 of 64 bytes failed: Only part of a ReadProcessMemory or WriteProcessMemory request was completed. (0x12B)
[0424/182243.134:ERROR:process_memory_win.cc(73)] ReadMemory at 0x2e7bd24e500 of 60 bytes failed: Only part of a ReadProcessMemory or WriteProcessMemory request was completed. (0x12B)
[0424/182243.134:ERROR:process_memory_win.cc(73)] ReadMemory at 0x2e7bd24e5f0 of 60 bytes failed: Only part of a ReadProcessMemory or WriteProcessMemory request was completed. (0x12B)
[0424/182243.134:ERROR:process_memory_win.cc(73)] ReadMemory at 0x2e7bd24e640 of 64 bytes failed: Only part of a ReadProcessMemory or WriteProcessMemory request was completed. (0x12B)
[0424/182243.134:ERROR:process_memory_win.cc(73)] ReadMemory at 0x2e7bd24e6e0 of 58 bytes failed: Only part of a ReadProcessMemory or WriteProcessMemory request was completed. (0x12B)
[0424/182243.134:ERROR:process_memory_win.cc(73)] ReadMemory at 0x2e7bd24e730 of 62 bytes failed: Only part of a ReadProcessMemory or WriteProcessMemory request was completed. (0x12B)
[0424/182243.134:ERROR:process_memory_win.cc(73)] ReadMemory at 0x2e7bd24e8c0 of 62 bytes failed: Only part of a ReadProcessMemory or WriteProcessMemory request was completed. (0x12B)
[0424/182243.134:ERROR:process_memory_win.cc(73)] ReadMemory at 0x2e7bd24e9b0 of 62 bytes failed: Only part of a ReadProcessMemory or WriteProcessMemory request was completed. (0x12B)
[0424/182243.134:ERROR:process_memory_win.cc(73)] ReadMemory at 0x2e7bd24eaf0 of 60 bytes failed: Only part of a ReadProcessMemory or WriteProcessMemory request was completed. (0x12B)
[0424/182243.134:ERROR:process_memory_win.cc(73)] ReadMemory at 0x2e7bd24eb40 of 60 bytes failed: Only part of a ReadProcessMemory or WriteProcessMemory request was completed. (0x12B)
[0424/182243.134:ERROR:process_memory_win.cc(73)] ReadMemory at 0x2e7bd24eb90 of 64 bytes failed: Only part of a ReadProcessMemory or WriteProcessMemory request was completed. (0x12B)
[0424/182243.134:ERROR:process_memory_win.cc(73)] ReadMemory at 0x2e7bd24ebe0 of 64 bytes failed: Only part of a ReadProcessMemory or WriteProcessMemory request was completed. (0x12B)
[0424/182243.134:ERROR:process_memory_win.cc(73)] ReadMemory at 0x2e7bd24ec30 of 56 bytes failed: Only part of a ReadProcessMemory or WriteProcessMemory request was completed. (0x12B)
[0424/182243.134:ERROR:process_memory_win.cc(73)] ReadMemory at 0x2e7bd24ec80 of 58 bytes failed: Only part of a ReadProcessMemory or WriteProcessMemory request was completed. (0x12B)
[0424/182243.135:ERROR:process_memory_win.cc(73)] ReadMemory at 0x2e7bd24ed20 of 64 bytes failed: Only part of a ReadProcessMemory or WriteProcessMemory request was completed. (0x12B)
[0424/182243.135:ERROR:process_memory_win.cc(73)] ReadMemory at 0x2e7bd24eeb0 of 64 bytes failed: Only part of a ReadProcessMemory or WriteProcessMemory request was completed. (0x12B)
[0424/182243.135:ERROR:process_memory_win.cc(73)] ReadMemory at 0x2e7bd24ef00 of 62 bytes failed: Only part of a ReadProcessMemory or WriteProcessMemory request was completed. (0x12B)
[0424/182243.135:ERROR:process_memory_win.cc(73)] ReadMemory at 0x2e7bd252220 of 132 bytes failed: Only part of a ReadProcessMemory or WriteProcessMemory request was completed. (0x12B)
[0424/182243.135:ERROR:process_memory_win.cc(73)] ReadMemory at 0x2e7bd252480 of 132 bytes failed: Only part of a ReadProcessMemory or WriteProcessMemory request was completed. (0x12B)
[0424/182243.135:ERROR:process_memory_win.cc(73)] ReadMemory at 0x2e7bd252e00 of 132 bytes failed: Only part of a ReadProcessMemory or WriteProcessMemory request was completed. (0x12B)
[0424/182243.135:ERROR:process_memory_win.cc(73)] ReadMemory at 0x2e7bd253190 of 132 bytes failed: Only part of a ReadProcessMemory or WriteProcessMemory request was completed. (0x12B)
[0424/182243.135:ERROR:process_memory_win.cc(73)] ReadMemory at 0x2e7bd253520 of 132 bytes failed: Only part of a ReadProcessMemory or WriteProcessMemory request was completed. (0x12B)
[0424/182243.135:ERROR:process_memory_win.cc(73)] ReadMemory at 0x2e7bd2541e0 of 246 bytes failed: Only part of a ReadProcessMemory or WriteProcessMemory request was completed. (0x12B)
[0424/182243.135:ERROR:process_memory_win.cc(73)] ReadMemory at 0x2e7bd267d50 of 512 bytes failed: Only part of a ReadProcessMemory or WriteProcessMemory request was completed. (0x12B)
[0424/182243.136:ERROR:process_memory_win.cc(73)] ReadMemory at 0x2e7bd3a6340 of 512 bytes failed: Only part of a ReadProcessMemory or WriteProcessMemory request was completed. (0x12B)
[0424/182243.136:ERROR:process_memory_win.cc(73)] ReadMemory at 0x2e7bd521260 of 512 bytes failed: Only part of a ReadProcessMemory or WriteProcessMemory request was completed. (0x12B)
[0424/182243.136:ERROR:process_memory_win.cc(73)] ReadMemory at 0x2e7bd52acf0 of 696 bytes failed: Only part of a ReadProcessMemory or WriteProcessMemory request was completed. (0x12B)
[0424/182243.136:ERROR:process_memory_win.cc(73)] ReadMemory at 0x2e7bd52b6e0 of 512 bytes failed: Only part of a ReadProcessMemory or WriteProcessMemory request was completed. (0x12B)
[0424/182243.136:ERROR:process_memory_win.cc(73)] ReadMemory at 0x2e7bf5ee3c0 of 512 bytes failed: Only part of a ReadProcessMemory or WriteProcessMemory request was completed. (0x12B)
[0424/182243.136:ERROR:process_memory_win.cc(73)] ReadMemory at 0x2e7bf5f14b0 of 512 bytes failed: Only part of a ReadProcessMemory or WriteProcessMemory request was completed. (0x12B)
[0424/182243.136:ERROR:process_memory_win.cc(73)] ReadMemory at 0x2e7bf6213c0 of 896 bytes failed: Only part of a ReadProcessMemory or WriteProcessMemory request was completed. (0x12B)
[0424/182243.136:ERROR:process_memory_win.cc(73)] ReadMemory at 0x2e7bf764da0 of 512 bytes failed: Only part of a ReadProcessMemory or WriteProcessMemory request was completed. (0x12B)
[0424/182243.136:ERROR:process_memory_win.cc(73)] ReadMemory at 0x2e7bfb50000 of 384 bytes failed: Only part of a ReadProcessMemory or WriteProcessMemory request was completed. (0x12B)
[0424/182243.136:ERROR:process_memory_win.cc(73)] ReadMemory at 0x2e7c01fb2a0 of 536 bytes failed: Only part of a ReadProcessMemory or WriteProcessMemory request was completed. (0x12B)
[0424/182243.136:ERROR:process_memory_win.cc(73)] ReadMemory at 0x2e7c02bcfb0 of 512 bytes failed: Only part of a ReadProcessMemory or WriteProcessMemory request was completed. (0x12B)
[0424/182243.137:ERROR:process_memory_win.cc(73)] ReadMemory at 0x2e7c0448d50 of 512 bytes failed: Only part of a ReadProcessMemory or WriteProcessMemory request was completed. (0x12B)
[0424/182243.137:ERROR:process_memory_win.cc(73)] ReadMemory at 0x2e7c047fe1b of 512 bytes failed: Only part of a ReadProcessMemory or WriteProcessMemory request was completed. (0x12B)
[0424/182243.137:ERROR:process_memory_win.cc(73)] ReadMemory at 0x2e7c3aeefc0 of 512 bytes failed: Only part of a ReadProcessMemory or WriteProcessMemory request was completed. (0x12B)
[0424/182243.137:ERROR:process_memory_win.cc(73)] ReadMemory at 0x2e7c3cc2900 of 512 bytes failed: Only part of a ReadProcessMemory or WriteProcessMemory request was completed. (0x12B)
[0424/182243.137:ERROR:process_memory_win.cc(73)] ReadMemory at 0x2e7c448c3c0 of 512 bytes failed: Only part of a ReadProcessMemory or WriteProcessMemory request was completed. (0x12B)
[0424/182243.137:ERROR:process_memory_win.cc(73)] ReadMemory at 0x2e7c448da42 of 512 bytes failed: Only part of a ReadProcessMemory or WriteProcessMemory request was completed. (0x12B)
[0424/182243.137:ERROR:process_memory_win.cc(73)] ReadMemory at 0x2e7c448f14e of 512 bytes failed: Only part of a ReadProcessMemory or WriteProcessMemory request was completed. (0x12B)
[0424/182243.137:ERROR:process_memory_win.cc(73)] ReadMemory at 0x2e7c44d8540 of 512 bytes failed: Only part of a ReadProcessMemory or WriteProcessMemory request was completed. (0x12B)
[0424/182243.137:ERROR:process_memory_win.cc(73)] ReadMemory at 0x2e7c44db2ce of 512 bytes failed: Only part of a ReadProcessMemory or WriteProcessMemory request was completed. (0x12B)
[0424/182243.137:ERROR:process_memory_win.cc(73)] ReadMemory at 0x2e7c4519ef0 of 1088 bytes failed: Only part of a ReadProcessMemory or WriteProcessMemory request was completed. (0x12B)
[0424/182243.137:ERROR:process_memory_win.cc(73)] ReadMemory at 0x2e7c451a970 of 1984 bytes failed: Only part of a ReadProcessMemory or WriteProcessMemory request was completed. (0x12B)
[0424/182243.137:ERROR:process_memory_win.cc(73)] ReadMemory at 0x2e7c451b3f0 of 2880 bytes failed: Only part of a ReadProcessMemory or WriteProcessMemory request was completed. (0x12B)
[0424/182243.138:ERROR:process_memory_win.cc(73)] ReadMemory at 0x2e7c45b33b0 of 512 bytes failed: Only part of a ReadProcessMemory or WriteProcessMemory request was completed. (0x12B)
[0424/182243.138:ERROR:process_memory_win.cc(73)] ReadMemory at 0x2e7c5e80000 of 384 bytes failed: Only part of a ReadProcessMemory or WriteProcessMemory request was completed. (0x12B)
[0424/182243.138:ERROR:process_memory_win.cc(73)] ReadMemory at 0x2e7c6187940 of 512 bytes failed: Only part of a ReadProcessMemory or WriteProcessMemory request was completed. (0x12B)
[0424/182243.138:ERROR:process_memory_win.cc(73)] ReadMemory at 0x2e7c623fb80 of 512 bytes failed: Only part of a ReadProcessMemory or WriteProcessMemory request was completed. (0x12B)
[0424/182243.138:ERROR:process_memory_win.cc(73)] ReadMemory at 0x2e7c655ac93 of 512 bytes failed: Only part of a ReadProcessMemory or WriteProcessMemory request was completed. (0x12B)
[0424/182243.138:ERROR:process_memory_win.cc(73)] ReadMemory at 0x2e7c6909060 of 512 bytes failed: Only part of a ReadProcessMemory or WriteProcessMemory request was completed. (0x12B)
[0424/182243.138:ERROR:process_memory_win.cc(73)] ReadMemory at 0x2e7c6d9aa40 of 512 bytes failed: Only part of a ReadProcessMemory or WriteProcessMemory request was completed. (0x12B)
[0424/182243.138:ERROR:process_memory_win.cc(73)] ReadMemory at 0x2e7c6da5600 of 512 bytes failed: Only part of a ReadProcessMemory or WriteProcessMemory request was completed. (0x12B)
[0424/182243.138:ERROR:process_memory_win.cc(73)] ReadMemory at 0x2e7cbc818b0 of 512 bytes failed: Only part of a ReadProcessMemory or WriteProcessMemory request was completed. (0x12B)
[0424/182243.138:ERROR:process_memory_win.cc(73)] ReadMemory at 0x2e7cbc83600 of 512 bytes failed: Only part of a ReadProcessMemory or WriteProcessMemory request was completed. (0x12B)
[0424/182243.138:ERROR:process_memory_win.cc(73)] ReadMemory at 0x2e7cbf75280 of 512 bytes failed: Only part of a ReadProcessMemory or WriteProcessMemory request was completed. (0x12B)
[0424/182243.139:ERROR:process_memory_win.cc(73)] ReadMemory at 0x2e7cbf93f80 of 512 bytes failed: Only part of a ReadProcessMemory or WriteProcessMemory request was completed. (0x12B)
[0424/182243.139:ERROR:process_memory_win.cc(73)] ReadMemory at 0xf2da1713c08 of 512 bytes failed: Only part of a ReadProcessMemory or WriteProcessMemory request was completed. (0x12B)
[0424/182243.139:ERROR:process_memory_win.cc(73)] ReadMemory at 0x30d93bd0d260 of 512 bytes failed: Only part of a ReadProcessMemory or WriteProcessMemory request was completed. (0x12B)
[0424/182243.139:ERROR:process_memory_win.cc(73)] ReadMemory at 0x4e59fbafc4f8 of 512 bytes failed: Only part of a ReadProcessMemory or WriteProcessMemory request was completed. (0x12B)
[0424/182243.139:ERROR:process_memory_win.cc(73)] ReadMemory at 0x61cfeba1d628 of 512 bytes failed: Only part of a ReadProcessMemory or WriteProcessMemory request was completed. (0x12B)
[0424/182243.139:ERROR:process_memory_win.cc(73)] ReadMemory at 0x7ff965505b86 of 660 bytes failed: Only part of a ReadProcessMemory or WriteProcessMemory request was completed. (0x12B)
[0424/182243.139:ERROR:process_memory_win.cc(73)] ReadMemory at 0x7ff966529201 of 512 bytes failed: Only part of a ReadProcessMemory or WriteProcessMemory request was completed. (0x12B)
[0424/182243.139:ERROR:process_memory_win.cc(73)] ReadMemory at 0x7ff96829adbc of 512 bytes failed: Only part of a ReadProcessMemory or WriteProcessMemory request was completed. (0x12B)
[0424/182243.139:ERROR:process_memory_win.cc(73)] ReadMemory at 0x7ff969c61099 of 894 bytes failed: Only part of a ReadProcessMemory or WriteProcessMemory request was completed. (0x12B)
[0424/182243.140:ERROR:process_memory_win.cc(73)] ReadMemory at 0x7ff969ff1070 of 512 bytes failed: Only part of a ReadProcessMemory or WriteProcessMemory request was completed. (0x12B)
[0424/182243.140:ERROR:process_memory_win.cc(73)] ReadMemory at 0x7ff96a94edb8 of 512 bytes failed: Only part of a ReadProcessMemory or WriteProcessMemory request was completed. (0x12B)
[0424/182243.140:ERROR:process_memory_win.cc(73)] ReadMemory at 0x7ff9b39f0350 of 512 bytes failed: Only part of a ReadProcessMemory or WriteProcessMemory request was completed. (0x12B)
[0424/182243.140:ERROR:process_memory_win.cc(73)] ReadMemory at 0x7ff9b6e91f80 of 512 bytes failed: Only part of a ReadProcessMemory or WriteProcessMemory request was completed. (0x12B)
[0424/182243.140:ERROR:process_memory_win.cc(73)] ReadMemory at 0x7ff9b74bfeb0 of 512 bytes failed: Only part of a ReadProcessMemory or WriteProcessMemory request was completed. (0x12B)
[0424/182243.140:ERROR:process_memory_win.cc(73)] ReadMemory at 0x7ff9b750f674 of 512 bytes failed: Only part of a ReadProcessMemory or WriteProcessMemory request was completed. (0x12B)
[0424/182243.140:ERROR:process_memory_win.cc(73)] ReadMemory at 0x7ff9b750fc74 of 512 bytes failed: Only part of a ReadProcessMemory or WriteProcessMemory request was completed. (0x12B)
[0424/182243.141:ERROR:process_memory_win.cc(73)] ReadMemory at 0x7ff9b7512f04 of 608 bytes failed: Only part of a ReadProcessMemory or WriteProcessMemory request was completed. (0x12B)
[0424/182243.141:ERROR:process_memory_win.cc(73)] ReadMemory at 0x7ff9b759c0c8 of 18 bytes failed: Only part of a ReadProcessMemory or WriteProcessMemory request was completed. (0x12B)
[0424/182243.141:ERROR:process_memory_win.cc(73)] ReadMemory at 0x7ff9b75cf4f8 of 40 bytes failed: Only part of a ReadProcessMemory or WriteProcessMemory request was completed. (0x12B)
[0424/182243.141:ERROR:process_memory_win.cc(73)] ReadMemory at 0x7ff9b75cf978 of 48 bytes failed: Only part of a ReadProcessMemory or WriteProcessMemory request was completed. (0x12B)
[0424/182243.141:ERROR:process_memory_win.cc(73)] ReadMemory at 0x7ff9b75d53a0 of 64 bytes failed: Only part of a ReadProcessMemory or WriteProcessMemory request was completed. (0x12B)
[0424/182243.145:ERROR:scoped_process_suspend.cc(40)] NtResumeProcess: An attempt was made to access an exiting process. (0xc000010a)
